[2023-05-09T19:36:50.297050+02:00] access.INFO: GET REQUEST: GET /transportation-api/routes [] []
[2023-05-09T19:45:37.594582+02:00] access.INFO: GET REQUEST: GET /transportation-api/routes [] []
[2023-05-11T18:37:46.978055+02:00] access.INFO: GET REQUEST: GET /transportation-api/ [] []
[2023-05-11T18:38:04.350127+02:00] access.INFO: GET REQUEST: GET /transportation-api/routes [] []
[2023-05-11T18:39:26.264654+02:00] access.INFO: GET REQUEST: GET /transportation-api/ [] []
[2023-05-11T18:39:45.905854+02:00] access.INFO: GET REQUEST: GET /transportation-api/routes [] []
[2023-05-11T18:44:03.016629+02:00] access.INFO: GET REQUEST: GET /transportation-api/routes {"name":"a"} []
[2023-05-11T18:44:20.286813+02:00] access.INFO: GET REQUEST: GET /transportation-api/routes {"type":"bus"} []
[2023-05-11T18:44:33.431358+02:00] access.INFO: GET REQUEST: GET /transportation-api/stops {"type":"bus"} []
[2023-05-11T18:44:39.672592+02:00] access.INFO: GET REQUEST: GET /transportation-api/stops [] []
[2023-05-11T18:44:50.960773+02:00] access.INFO: GET REQUEST: GET /transportation-api/stops {"name":"MONK"} []
[2023-05-11T18:48:30.826312+02:00] access.INFO: GET REQUEST: GET /transportation-api/schedules [] []
[2023-05-11T18:49:05.492883+02:00] access.INFO: GET REQUEST: GET /transportation-api/routes [] []
[2023-05-11T18:49:48.250149+02:00] access.INFO: GET REQUEST: GET /transportation-api/incidents [] []
[2023-05-11T18:50:00.624354+02:00] access.INFO: GET REQUEST: GET /transportation-api/trips [] []
[2023-05-11T18:50:16.346359+02:00] access.INFO: GET REQUEST: GET /transportation-api/trips {"headsign":"ERTU"} []
[2023-05-11T18:50:17.552552+02:00] access.INFO: GET REQUEST: GET /transportation-api/trips {"headsign":"ERTU"} []
[2023-05-11T18:54:25.778193+02:00] access.INFO: GET REQUEST: GET /transportation-api/routes [] []
[2023-05-11T18:54:35.385334+02:00] access.INFO: GET REQUEST: GET /transportation-api/trips [] []
[2023-05-11T18:55:11.390918+02:00] access.INFO: GET REQUEST: GET /transportation-api/trips [] []
[2023-05-11T18:55:23.964893+02:00] access.INFO: GET REQUEST: GET /transportation-api/stops [] []
[2023-05-11T18:55:33.274563+02:00] access.INFO: GET REQUEST: GET /transportation-api/schedules [] []
[2023-05-11T18:55:33.526793+02:00] access.INFO: GET REQUEST: GET /transportation-api/ [] []
[2023-05-11T18:55:37.440480+02:00] access.INFO: GET REQUEST: GET /transportation-api/ [] []
[2023-05-11T18:55:44.232078+02:00] access.INFO: GET REQUEST: GET /transportation-api/incidents [] []
[2023-05-11T18:55:55.039077+02:00] access.INFO: GET REQUEST: GET /transportation-api/Stops [] []
[2023-05-11T18:56:00.874862+02:00] access.INFO: GET REQUEST: GET /transportation-api/Stops [] []
[2023-05-11T18:56:30.283150+02:00] access.INFO: GET REQUEST: GET /transportation-api/stops [] []
[2023-05-11T18:56:38.582634+02:00] access.INFO: GET REQUEST: GET /transportation-api/trips [] []
[2023-05-11T18:57:12.633962+02:00] access.INFO: GET REQUEST: GET /transportation-api/trips {"page":"3","page_size":"10"} []
[2023-05-11T18:57:21.719573+02:00] access.INFO: GET REQUEST: GET /transportation-api/trips {"page":"3","page_size":"5"} []
[2023-05-11T18:57:25.672352+02:00] access.INFO: GET REQUEST: GET /transportation-api/trips {"page":"2","page_size":"5"} []
[2023-05-11T18:58:55.032696+02:00] access.INFO: GET REQUEST: GET /transportation-api/stops [] []
[2023-05-11T19:04:19.146340+02:00] access.INFO: GET REQUEST: GET /transportation-api/trips {"page":"2","page_size":"5"} []
[2023-05-11T19:04:41.614201+02:00] access.INFO: GET REQUEST: GET /transportation-api/trips {"name_":"","type":""} []
[2023-05-11T19:04:45.165860+02:00] access.INFO: GET REQUEST: GET /transportation-api/trips [] []
[2023-05-11T19:04:46.982521+02:00] access.INFO: GET REQUEST: GET /transportation-api/trips [] []
[2023-05-11T19:05:13.619052+02:00] access.INFO: GET REQUEST: GET /transportation-api/trips {"name_":"S"} []
[2023-05-11T19:05:17.301808+02:00] access.INFO: GET REQUEST: GET /transportation-api/trips [] []
[2023-05-11T19:05:52.648853+02:00] access.INFO: GET REQUEST: GET /transportation-api/stops [] []
[2023-05-11T19:06:05.846005+02:00] access.INFO: GET REQUEST: GET /transportation-api/stops {"name":"S"} []
[2023-05-11T19:08:15.037226+02:00] access.INFO: GET REQUEST: GET /transportation-api/trips [] []
[2023-05-11T19:08:23.273272+02:00] access.INFO: GET REQUEST: GET /transportation-api/trips {"headsign":"STATION CÔTE-VERTU"} []
[2023-05-11T19:08:29.073212+02:00] access.INFO: GET REQUEST: GET /transportation-api/trips [] []
[2023-05-11T19:08:40.393713+02:00] access.INFO: GET REQUEST: GET /transportation-api/trips {"headsign":"STATION MONTMORENCY"} []
[2023-05-11T19:09:17.884392+02:00] access.INFO: GET REQUEST: GET /transportation-api/trips [] []
[2023-05-11T19:09:22.469560+02:00] access.INFO: GET REQUEST: GET /transportation-api/trips {"headsign":"STATION MONTMORENCY"} []
[2023-05-11T19:09:29.721920+02:00] access.INFO: GET REQUEST: GET /transportation-api/trips [] []
[2023-05-11T19:09:38.055520+02:00] access.INFO: GET REQUEST: GET /transportation-api/trips {"stop_id":"2","headsign":"STATION MONTMORENCY"} []
[2023-05-11T19:09:42.826154+02:00] access.INFO: GET REQUEST: GET /transportation-api/trips {"stop_id":"2"} []
[2023-05-11T19:09:44.884448+02:00] access.INFO: GET REQUEST: GET /transportation-api/trips [] []
[2023-05-11T19:09:50.787069+02:00] access.INFO: GET REQUEST: GET /transportation-api/trips [] []
[2023-05-11T19:10:00.401772+02:00] access.INFO: GET REQUEST: GET /transportation-api/trips {"route_id":"1"} []
[2023-05-11T19:10:03.663568+02:00] access.INFO: GET REQUEST: GET /transportation-api/trips [] []
[2023-05-11T19:10:05.706389+02:00] access.INFO: GET REQUEST: GET /transportation-api/trips {"route_id":"1"} []
[2023-05-11T19:10:35.512302+02:00] access.INFO: GET REQUEST: GET /transportation-api/trips [] []
[2023-05-11T19:10:38.476873+02:00] access.INFO: GET REQUEST: GET /transportation-api/trips {"headsign":"STATION MONTMORENCY"} []
[2023-05-11T19:10:45.706978+02:00] access.INFO: GET REQUEST: GET /transportation-api/trips {"stop_id":"2"} []
[2023-05-11T19:10:51.522837+02:00] access.INFO: GET REQUEST: GET /transportation-api/trips {"stop_id":"2","headsign":"STATION MONTMORENCY"} []
[2023-05-11T19:10:55.288023+02:00] access.INFO: GET REQUEST: GET /transportation-api/trips {"route_id":"1"} []
[2023-05-11T19:11:03.252357+02:00] access.INFO: GET REQUEST: GET /transportation-api/trips [] []
[2023-05-11T19:11:07.997480+02:00] access.INFO: GET REQUEST: GET /transportation-api/trips {"headsign":"STATION MONTMORENCY"} []
[2023-05-11T19:11:18.755265+02:00] access.INFO: GET REQUEST: GET /transportation-api/trips [] []
[2023-05-11T19:13:16.968331+02:00] access.INFO: GET REQUEST: GET /transportation-api/trips {"shape_id":"1"} []
[2023-05-11T19:14:31.079056+02:00] access.INFO: GET REQUEST: GET /transportation-api/stops [] []
[2023-05-11T19:14:39.337731+02:00] access.INFO: GET REQUEST: GET /transportation-api/routes [] []
[2023-05-11T19:16:46.477430+02:00] access.INFO: GET REQUEST: GET /transportation-api/stops {"stop_id":"1","code":"10118","name":"STATION NEW","lat":"32.446466","lon":"-73.603118","url":"null"} []
[2023-05-11T19:17:37.535577+02:00] access.INFO: GET REQUEST: GET /transportation-api/trips [] []
[2023-05-11T19:19:11.281527+02:00] access.INFO: GET REQUEST: GET /transportation-api/routes [] []
[2023-05-11T19:19:39.773128+02:00] access.INFO: GET REQUEST: GET /transportation-api/routes {"type":"Metro"} []
[2023-05-11T19:19:51.324910+02:00] access.INFO: GET REQUEST: GET /transportation-api/schedules [] []
[2023-05-11T19:19:53.940629+02:00] access.INFO: GET REQUEST: GET /transportation-api/routes {"name":""} []
[2023-05-11T19:20:00.559698+02:00] access.INFO: GET REQUEST: GET /transportation-api/routes {"name":"Verte"} []
[2023-05-11T19:20:01.360607+02:00] access.INFO: GET REQUEST: GET /transportation-api/stops [] []
[2023-05-11T19:20:04.279784+02:00] access.INFO: GET REQUEST: GET /transportation-api/incidents [] []
[2023-05-11T19:20:06.548883+02:00] access.INFO: GET REQUEST: GET /transportation-api/routes {"name":"Verte","type":"Metro"} []
[2023-05-11T19:20:33.019612+02:00] access.INFO: GET REQUEST: GET /transportation-api/incidents [] []
[2023-05-11T19:20:49.115700+02:00] access.INFO: GET REQUEST: GET /transportation-api/incidents [] []
[2023-05-11T19:20:55.107816+02:00] access.INFO: GET REQUEST: GET /transportation-api/incidents {"line_name":"Orange"} []
[2023-05-11T19:21:06.082381+02:00] access.INFO: GET REQUEST: GET /transportation-api/incidents {"line_name":"Orange"} []
[2023-05-11T19:21:06.822070+02:00] access.INFO: GET REQUEST: GET /transportation-api/incidents {"line_name":"Orange"} []
[2023-05-11T19:21:07.128014+02:00] access.INFO: GET REQUEST: GET /transportation-api/incidents {"line_name":"Orange"} []
[2023-05-11T19:21:07.384858+02:00] access.INFO: GET REQUEST: GET /transportation-api/incidents {"line_name":"Orange"} []
[2023-05-11T19:21:25.203718+02:00] access.INFO: GET REQUEST: GET /transportation-api/incidents {"line_name":"Orange"} []
[2023-05-11T19:21:26.091333+02:00] access.INFO: GET REQUEST: GET /transportation-api/incidents {"line_name":"Orange"} []
[2023-05-11T19:21:31.642233+02:00] access.INFO: GET REQUEST: GET /transportation-api/incidents {"line_name":""} []
[2023-05-11T19:21:32.135812+02:00] access.INFO: GET REQUEST: GET /transportation-api/incidents {"line_name":""} []
[2023-05-11T19:21:32.238727+02:00] access.INFO: GET REQUEST: GET /transportation-api/incidents {"line_name":""} []
[2023-05-11T19:21:32.352670+02:00] access.INFO: GET REQUEST: GET /transportation-api/incidents {"line_name":""} []
[2023-05-11T19:21:53.055962+02:00] access.INFO: GET REQUEST: GET /transportation-api/incidents {"line_name":"orange"} []
[2023-05-11T19:21:56.466255+02:00] access.INFO: GET REQUEST: GET /transportation-api/incidents [] []
[2023-05-11T19:22:39.578619+02:00] access.INFO: GET REQUEST: GET /transportation-api/schedules [] []
[2023-05-11T19:22:44.696408+02:00] access.INFO: GET REQUEST: GET /transportation-api/schedules {"arrival_time_":"05:13:00"} []
[2023-05-11T19:22:45.376655+02:00] access.INFO: GET REQUEST: GET /transportation-api/incidents {"line_name":"orange"} []
[2023-05-11T19:22:56.783943+02:00] access.INFO: GET REQUEST: GET /transportation-api/incidents {"line_name":"Jaune"} []
[2023-05-11T19:24:10.423152+02:00] access.INFO: GET REQUEST: GET /transportation-api/schedules {"arrival_time_":"05:13:00","departure__time":"05:13:00"} []
[2023-05-11T19:25:08.811268+02:00] access.INFO: GET REQUEST: GET /transportation-api/schedules {"arrival_time_":"06:13:00"} []
